Arguments: 
  C:\Program Files\nodejs\node.exe C:\Users\Vikash\AppData\Roaming\npm\node_modules\yarn\bin\yarn.js add jquery --save

PATH: 
  C:\ProgramData\Oracle\Java\javapath;C:\Program Files (x86)\Intel\iCLS Client\;C:\Program Files\Intel\iCLS Client\;C:\Windows\system32;C:\Windows;C:\Windows\System32\Wbem;C:\Windows\System32\WindowsPowerShell\v1.0\;C:\Windows\System32\OpenSSH\;C:\Program Files\Hewlett-Packard\SimplePass\;C:\Program Files (x86)\NVIDIA Corporation\PhysX\Common;C:\Program Files (x86)\Intel\Intel(R) Management Engine Components\DAL;C:\Program Files\Intel\Intel(R) Management Engine Components\DAL;C:\Program Files (x86)\Intel\Intel(R) Management Engine Components\IPT;C:\Program Files\Intel\Intel(R) Management Engine Components\IPT;C:\Program Files\nodejs\;C:\Program Files\Git\cmd;C:\Program Files\Java\jdk1.8.0_101\bin;C:\Program Files (x86)\Brackets\command;C:\Program Files\MongoDB\Server\3.6\bin;C:\Program Files\PuTTY\;C:\Program Files\Microsoft VS Code\bin;C:\Users\Vikash\AppData\Local\Programs\Python\Python36\Scripts\;C:\Users\Vikash\AppData\Local\Programs\Python\Python36\;C:\Users\Vikash\AppData\Local\Microsoft\WindowsApps;C:\Users\Vikash\AppData\Roaming\npm

Yarn version: 
  1.7.0

Node version: 
  8.11.2

Platform: 
  win32 x64

Trace: 
  Error: getaddrinfo ENOTFOUND registry.yarnpkg.com registry.yarnpkg.com:443
      at errnoException (dns.js:50:10)
      at GetAddrInfoReqWrap.onlookup [as oncomplete] (dns.js:92:26)

npm manifest: 
  No manifest

yarn manifest: 
  No manifest

Lockfile: 
  No lockfile
